<?xml version="1.0" encoding="UTF-8"?>
<!-- Generated by org.testng.reporters.JUnitXMLReporter -->
<testsuite hostname="win7-PC" name="Default test" tests="4" failures="0" timestamp="29 Nov 2013 19:39:47 GMT" time="0.057" errors="0">
  <testcase name="shouldReturnOneWhenOneIn" time="0.022" classname="edu.esprit.fibonacci.FibonacciTest"/>
  <testcase name="shouldReturnOneWhenTwoIn" time="0.001" classname="edu.esprit.fibonacci.FibonacciTest"/>
  <testcase name="shouldReturnTwoWhenThreeIn" time="0.002" classname="edu.esprit.fibonacci.FibonacciTest"/>
  <testcase name="shouldReturnZeroWhenZeroIn" time="0.002" classname="edu.esprit.fibonacci.FibonacciTest"/>
</testsuite> <!-- Default test -->
