<?xml version="1.0" encoding="UTF-8"?>
<testng-results skipped="0" failed="0" total="4" passed="4">
  <reporter-output>
  </reporter-output>
  <suite name="Default suite" duration-ms="57" started-at="2013-11-29T19:39:47Z" finished-at="2013-11-29T19:39:47Z">
    <groups>
    </groups>
    <test name="Default test" duration-ms="57" started-at="2013-11-29T19:39:47Z" finished-at="2013-11-29T19:39:47Z">
      <class name="edu.esprit.fibonacci.FibonacciTest">
        <test-method status="PASS" signature="shouldReturnOneWhenOneIn()[pri:0, instance:edu.esprit.fibonacci.FibonacciTest@4631f1f8]" name="shouldReturnOneWhenOneIn" duration-ms="22" started-at="2013-11-29T20:39:47Z" finished-at="2013-11-29T20:39:47Z">
          <reporter-output>
          </reporter-output>
        </test-method> <!-- shouldReturnOneWhenOneIn -->
        <test-method status="PASS" signature="shouldReturnOneWhenTwoIn()[pri:0, instance:edu.esprit.fibonacci.FibonacciTest@4631f1f8]" name="shouldReturnOneWhenTwoIn" duration-ms="1" started-at="2013-11-29T20:39:47Z" finished-at="2013-11-29T20:39:47Z">
          <reporter-output>
          </reporter-output>
        </test-method> <!-- shouldReturnOneWhenTwoIn -->
        <test-method status="PASS" signature="shouldReturnTwoWhenThreeIn()[pri:0, instance:edu.esprit.fibonacci.FibonacciTest@4631f1f8]" name="shouldReturnTwoWhenThreeIn" duration-ms="2" started-at="2013-11-29T20:39:47Z" finished-at="2013-11-29T20:39:47Z">
          <reporter-output>
          </reporter-output>
        </test-method> <!-- shouldReturnTwoWhenThreeIn -->
        <test-method status="PASS" signature="shouldReturnZeroWhenZeroIn()[pri:0, instance:edu.esprit.fibonacci.FibonacciTest@4631f1f8]" name="shouldReturnZeroWhenZeroIn" duration-ms="2" started-at="2013-11-29T20:39:47Z" finished-at="2013-11-29T20:39:47Z">
          <reporter-output>
          </reporter-output>
        </test-method> <!-- shouldReturnZeroWhenZeroIn -->
      </class> <!-- edu.esprit.fibonacci.FibonacciTest -->
    </test> <!-- Default test -->
  </suite> <!-- Default suite -->
</testng-results>
